0 info it worked if it ends with ok
1 verbose cli [ '/Users/gavinwye/.nvm/versions/node/v6.11.1/bin/node',
1 verbose cli   '/Users/gavinwye/.nvm/versions/node/v6.11.1/bin/npm',
1 verbose cli   'start' ]
2 info using npm@3.10.10
3 info using node@v6.11.1
4 verbose run-script [ 'prestart', 'start', 'poststart' ]
5 info lifecycle govuk-prototype-kit@9.9.0~prestart: govuk-prototype-kit@9.9.0
6 silly lifecycle govuk-prototype-kit@9.9.0~prestart: no script for prestart, continuing
7 info lifecycle govuk-prototype-kit@9.9.0~start: govuk-prototype-kit@9.9.0
8 verbose lifecycle govuk-prototype-kit@9.9.0~start: unsafe-perm in lifecycle true
9 verbose lifecycle govuk-prototype-kit@9.9.0~start: PATH: /Users/gavinwye/.nvm/versions/node/v6.11.1/lib/node_modules/npm/bin/node-gyp-bin:/Users/gavinwye/Documents/_GDS/govuk-notifications-prototype/node_modules/.bin:/Users/gavinwye/.nvm/versions/node/v6.11.1/bin:/Users/gavinwye/.rvm/gems/ruby-2.4.0/bin:/Users/gavinwye/.rvm/gems/ruby-2.4.0@global/bin:/Users/gavinwye/.rvm/rubies/ruby-2.4.0/bin:/usr/local/bin:/usr/bin:/bin:/usr/sbin:/sbin:/Users/gavinwye/.rvm/bin
10 verbose lifecycle govuk-prototype-kit@9.9.0~start: CWD: /Users/gavinwye/Documents/_GDS/govuk-notifications-prototype
11 silly lifecycle govuk-prototype-kit@9.9.0~start: Args: [ '-c', 'node start.js' ]
12 silly lifecycle govuk-prototype-kit@9.9.0~start: Returned: code: 1  signal: null
13 info lifecycle govuk-prototype-kit@9.9.0~start: Failed to exec start script
14 verbose stack Error: govuk-prototype-kit@9.9.0 start: `node start.js`
14 verbose stack Exit status 1
14 verbose stack     at EventEmitter.<anonymous> (/Users/gavinwye/.nvm/versions/node/v6.11.1/lib/node_modules/npm/lib/utils/lifecycle.js:255:16)
14 verbose stack     at emitTwo (events.js:106:13)
14 verbose stack     at EventEmitter.emit (events.js:191:7)
14 verbose stack     at ChildProcess.<anonymous> (/Users/gavinwye/.nvm/versions/node/v6.11.1/lib/node_modules/npm/lib/utils/spawn.js:40:14)
14 verbose stack     at emitTwo (events.js:106:13)
14 verbose stack     at ChildProcess.emit (events.js:191:7)
14 verbose stack     at maybeClose (internal/child_process.js:891:16)
14 verbose stack     at Process.ChildProcess._handle.onexit (internal/child_process.js:226:5)
15 verbose pkgid govuk-prototype-kit@9.9.0
16 verbose cwd /Users/gavinwye/Documents/_GDS/govuk-notifications-prototype
17 error Darwin 19.4.0
18 error argv "/Users/gavinwye/.nvm/versions/node/v6.11.1/bin/node" "/Users/gavinwye/.nvm/versions/node/v6.11.1/bin/npm" "start"
19 error node v6.11.1
20 error npm  v3.10.10
21 error code ELIFECYCLE
22 error govuk-prototype-kit@9.9.0 start: `node start.js`
22 error Exit status 1
23 error Failed at the govuk-prototype-kit@9.9.0 start script 'node start.js'.
23 error Make sure you have the latest version of node.js and npm installed.
23 error If you do, this is most likely a problem with the govuk-prototype-kit package,
23 error not with npm itself.
23 error Tell the author that this fails on your system:
23 error     node start.js
23 error You can get information on how to open an issue for this project with:
23 error     npm bugs govuk-prototype-kit
23 error Or if that isn't available, you can get their info via:
23 error     npm owner ls govuk-prototype-kit
23 error There is likely additional logging output above.
24 verbose exit [ 1, true ]
